<?xml version="1.0" encoding="UTF-8"?>
<!-- Generated by org.testng.reporters.JUnitReportReporter -->
<testsuite hostname="DESKTOP-QSM3Q2F" failures="0" tests="4" name="com.qa.testcases.LoginPageTest" time="82.845" errors="0" timestamp="2020-10-15T17:40:36 IST" skipped="0">
  <testcase classname="com.qa.testcases.LoginPageTest" name="loginpagetitletest" time="19.715"/>
  <system-out/>
  <testcase classname="com.qa.testcases.LoginPageTest" name="crmlogotest" time="14.230"/>
  <system-out/>
  <testcase classname="com.qa.testcases.LoginPageTest" name="logintest" time="19.397"/>
  <system-out/>
  <testcase classname="com.qa.testcases.LoginPageTest" name="createaccountcheck" time="29.503"/>
  <system-out/>
</testsuite> <!-- com.qa.testcases.LoginPageTest -->
